<?xml version="1.0" encoding="UTF-8"?>
<!-- Generated by org.testng.reporters.JUnitXMLReporter -->
<testsuite ignored="0" hostname="DESKTOP-7P2HJVH" failures="0" tests="2" name="Test Cucumber Login CMS" time="36.707" errors="0" timestamp="2025-06-15T06:20:27 PDT">
  <testcase classname="com.siddharthtest.runners.TestRunnerLoginCMS" name="scenarios" time="0.146"/>
  <testcase classname="io.cucumber.testng.AbstractTestNGCucumberTests" name="runScenario" time="21.516"/>
</testsuite> <!-- Test Cucumber Login CMS -->
