<?xml version="1.0" encoding="UTF-8"?>
<!-- Generated by org.testng.reporters.JUnitXMLReporter -->
<testsuite ignored="0" hostname="DESKTOP-7P2HJVH" failures="0" tests="2" name="Test Cucumber PIM" time="189.683" errors="0" timestamp="2025-09-06T00:42:18 PDT">
  <testcase classname="com.siddharthtest.runners.TestRunnerPIM" name="scenarios" time="0.151"/>
  <testcase classname="io.cucumber.testng.AbstractTestNGCucumberTests" name="runScenario" time="169.821"/>
</testsuite> <!-- Test Cucumber PIM -->
