<?xml version="1.0" encoding="UTF-8"?>
<!-- Generated by org.testng.reporters.JUnitXMLReporter -->
<testsuite ignored="0" hostname="DESKTOP-7P2HJVH" failures="3" tests="8" name="Test Cucumber All Feature" time="130.472" errors="0" timestamp="2025-06-15T01:17:07 PDT">
  <testcase classname="com.anhtester.runners.TestRunnerLoginCMS" name="scenarios" time="0.158"/>
  <testcase classname="io.cucumber.testng.AbstractTestNGCucumberTests" name="runScenario" time="19.142"/>
  <testcase classname="com.anhtester.runners.TestRunnerSigninCRM" name="scenarios" time="0.033"/>
  <testcase classname="io.cucumber.testng.AbstractTestNGCucumberTests" name="runScenario" time="16.882"/>
  <testcase classname="io.cucumber.testng.AbstractTestNGCucumberTests" name="runScenario" time="12.903">
    <failure type="java.lang.AssertionError" message="The Dashboard page not display. expected [true] but found [false]">
      <![CDATA[java.lang.AssertionError: The Dashboard page not display. expected [true] but found [false]
at com.anhtester.projects.website.crm.pages.SignIn.SignInPageCRM.verifySignInFail(SignInPageCRM.java:98)
at com.anhtester.projects.website.crm.stepdefinitions.LoginSteps.userLoginWithUsernameAndPasswordInvalid(LoginSteps.java:29)
at ✽.User login with username "demo@example.com" and password "123456" invalid(file:///C:/Users/hp/Desktop/AutomationFrameworkCucumberTestNG/src/test/resources/features/SigninCRM.feature:15)
... Removed 3 stack frames]]>
    </failure>
  </testcase> <!-- runScenario -->
  <testcase classname="com.anhtester.runners.TestRunnerDashboardHRM" name="scenarios" time="0.009"/>
  <testcase classname="io.cucumber.testng.AbstractTestNGCucumberTests" name="runScenario" time="28.489">
    <failure type="java.lang.AssertionError" message="❌ The element is NOT visible. By.xpath: //span[normalize-space()=&amp;apos;Home&amp;apos;]">
      <![CDATA[java.lang.AssertionError: ❌ The element is NOT visible. By.xpath: //span[normalize-space()='Home']
at com.anhtester.keywords.WebUI.verifyElementVisible(WebUI.java:2037)
at com.anhtester.projects.website.crm.stepdefinitions.DashboardSteps.userNavigateToDashboard(DashboardSteps.java:29)
at ✽.User navigate to dashboard(file:///C:/Users/hp/Desktop/AutomationFrameworkCucumberTestNG/src/test/resources/features/Dashboard.feature:8)
... Removed 1 stack frames]]>
    </failure>
  </testcase> <!-- runScenario -->
  <testcase classname="io.cucumber.testng.AbstractTestNGCucumberTests" name="runScenario" time="29.649">
    <failure type="java.lang.AssertionError" message="❌ The element is NOT visible. By.xpath: //span[normalize-space()=&amp;apos;Home&amp;apos;]">
      <![CDATA[java.lang.AssertionError: ❌ The element is NOT visible. By.xpath: //span[normalize-space()='Home']
at com.anhtester.keywords.WebUI.verifyElementVisible(WebUI.java:2037)
at com.anhtester.projects.website.crm.stepdefinitions.DashboardSteps.userNavigateToDashboard(DashboardSteps.java:29)
at ✽.User navigate to dashboard(file:///C:/Users/hp/Desktop/AutomationFrameworkCucumberTestNG/src/test/resources/features/Dashboard.feature:8)
... Removed 1 stack frames]]>
    </failure>
  </testcase> <!-- runScenario -->
</testsuite> <!-- Test Cucumber All Feature -->
