<?xml version="1.0" encoding="UTF-8"?>
<testng-results ignored="0" total="19" passed="19" failed="0" skipped="0">
  <reporter-output>
  </reporter-output>
  <suite started-at="2025-09-06T06:54:13 PDT" name="Suite Cucumber" finished-at="2025-09-06T07:09:41 PDT" duration-ms="928035">
    <groups>
      <group name="cucumber">
        <method signature="AbstractTestNGCucumberTests.runScenario(io.cucumber.testng.PickleWrapper,io.cucumber.testng.FeatureWrapper)[pri:0, instance:com.siddharthtest.runners.TestRunnerAllFeatureByTag@6f38a289]" name="runScenario" class="io.cucumber.testng.AbstractTestNGCucumberTests"/>
      </group> <!-- cucumber -->
    </groups>
    <test started-at="2025-09-06T06:54:13 PDT" name="Test Runner All Feature By Tag" finished-at="2025-09-06T07:09:41 PDT" duration-ms="928035">
      <class name="com.siddharthtest.hooks.SuiteTearDown">
        <test-method is-config="true" signature="sendSummaryReport()[pri:0, instance:com.siddharthtest.hooks.SuiteTearDown@39e67516]" started-at="2025-09-06T07:09:41 PDT" name="sendSummaryReport" finished-at="2025-09-06T07:09:41 PDT" duration-ms="8" status="PASS">
          <reporter-output>
          </reporter-output>
        </test-method> <!-- sendSummaryReport -->
      </class> <!-- com.siddharthtest.hooks.SuiteTearDown -->
      <class name="com.siddharthtest.runners.TestRunnerAllFeatureByTag">
        <test-method is-config="true" signature="setUpClass(org.testng.ITestContext)[pri:0, instance:com.siddharthtest.runners.TestRunnerAllFeatureByTag@6f38a289]" started-at="2025-09-06T06:54:13 PDT" name="setUpClass" finished-at="2025-09-06T06:54:23 PDT" duration-ms="9760" status="PASS">
          <params>
            <param index="0">
              <value>
                <![CDATA[org.testng.TestRunner@4328971d]]>
              </value>
            </param>
          </params>
          <reporter-output>
          </reporter-output>
        </test-method> <!-- setUpClass -->
        <test-method signature="runScenario(io.cucumber.testng.PickleWrapper,io.cucumber.testng.FeatureWrapper)[pri:0, instance:com.siddharthtest.runners.TestRunnerAllFeatureByTag@6f38a289]" started-at="2025-09-06T06:54:23 PDT" name="runScenario" description="Runs Cucumber Scenarios" data-provider="scenarios" finished-at="2025-09-06T06:55:20 PDT" duration-ms="56905" status="PASS">
          <params>
            <param index="0">
              <value>
                <![CDATA["The required elements are displayed"]]>
              </value>
            </param>
            <param index="1">
              <value>
                <![CDATA["Elements are Displayed"]]>
              </value>
            </param>
          </params>
          <reporter-output>
          </reporter-output>
        </test-method> <!-- runScenario -->
        <test-method signature="runScenario(io.cucumber.testng.PickleWrapper,io.cucumber.testng.FeatureWrapper)[pri:0, instance:com.siddharthtest.runners.TestRunnerAllFeatureByTag@6f38a289]" started-at="2025-09-06T06:55:20 PDT" name="runScenario" description="Runs Cucumber Scenarios" data-provider="scenarios" finished-at="2025-09-06T06:55:56 PDT" duration-ms="35977" status="PASS">
          <params>
            <param index="0">
              <value>
                <![CDATA["As an Admin Create a new ESS User"]]>
              </value>
            </param>
            <param index="1">
              <value>
                <![CDATA["As an Admin Create a new User Functionality"]]>
              </value>
            </param>
          </params>
          <reporter-output>
          </reporter-output>
        </test-method> <!-- runScenario -->
        <test-method signature="runScenario(io.cucumber.testng.PickleWrapper,io.cucumber.testng.FeatureWrapper)[pri:0, instance:com.siddharthtest.runners.TestRunnerAllFeatureByTag@6f38a289]" started-at="2025-09-06T06:55:56 PDT" name="runScenario" description="Runs Cucumber Scenarios" data-provider="scenarios" finished-at="2025-09-06T06:56:42 PDT" duration-ms="45851" status="PASS">
          <params>
            <param index="0">
              <value>
                <![CDATA["Create a new user by mandatory fields"]]>
              </value>
            </param>
            <param index="1">
              <value>
                <![CDATA["New user create"]]>
              </value>
            </param>
          </params>
          <reporter-output>
          </reporter-output>
        </test-method> <!-- runScenario -->
        <test-method signature="runScenario(io.cucumber.testng.PickleWrapper,io.cucumber.testng.FeatureWrapper)[pri:0, instance:com.siddharthtest.runners.TestRunnerAllFeatureByTag@6f38a289]" started-at="2025-09-06T06:56:42 PDT" name="runScenario" description="Runs Cucumber Scenarios" data-provider="scenarios" finished-at="2025-09-06T06:57:17 PDT" duration-ms="35182" status="PASS">
          <params>
            <param index="0">
              <value>
                <![CDATA["Verify dashboard page"]]>
              </value>
            </param>
            <param index="1">
              <value>
                <![CDATA["Dashboard Verification"]]>
              </value>
            </param>
          </params>
          <reporter-output>
          </reporter-output>
        </test-method> <!-- runScenario -->
        <test-method signature="runScenario(io.cucumber.testng.PickleWrapper,io.cucumber.testng.FeatureWrapper)[pri:0, instance:com.siddharthtest.runners.TestRunnerAllFeatureByTag@6f38a289]" started-at="2025-09-06T06:57:17 PDT" name="runScenario" description="Runs Cucumber Scenarios" data-provider="scenarios" finished-at="2025-09-06T06:58:05 PDT" duration-ms="47412" status="PASS">
          <params>
            <param index="0">
              <value>
                <![CDATA["Apply for leave"]]>
              </value>
            </param>
            <param index="1">
              <value>
                <![CDATA["Leave Module"]]>
              </value>
            </param>
          </params>
          <reporter-output>
          </reporter-output>
        </test-method> <!-- runScenario -->
        <test-method signature="runScenario(io.cucumber.testng.PickleWrapper,io.cucumber.testng.FeatureWrapper)[pri:0, instance:com.siddharthtest.runners.TestRunnerAllFeatureByTag@6f38a289]" started-at="2025-09-06T06:58:05 PDT" name="runScenario" description="Runs Cucumber Scenarios" data-provider="scenarios" finished-at="2025-09-06T06:58:59 PDT" duration-ms="54262" status="PASS">
          <params>
            <param index="0">
              <value>
                <![CDATA["Update Personal Details"]]>
              </value>
            </param>
            <param index="1">
              <value>
                <![CDATA["My Info Module"]]>
              </value>
            </param>
          </params>
          <reporter-output>
          </reporter-output>
        </test-method> <!-- runScenario -->
        <test-method signature="runScenario(io.cucumber.testng.PickleWrapper,io.cucumber.testng.FeatureWrapper)[pri:0, instance:com.siddharthtest.runners.TestRunnerAllFeatureByTag@6f38a289]" started-at="2025-09-06T06:58:59 PDT" name="runScenario" description="Runs Cucumber Scenarios" data-provider="scenarios" finished-at="2025-09-06T06:59:52 PDT" duration-ms="53267" status="PASS">
          <params>
            <param index="0">
              <value>
                <![CDATA["Navigate to PIM page and verify title"]]>
              </value>
            </param>
            <param index="1">
              <value>
                <![CDATA["PIM Module"]]>
              </value>
            </param>
          </params>
          <reporter-output>
          </reporter-output>
        </test-method> <!-- runScenario -->
        <test-method signature="runScenario(io.cucumber.testng.PickleWrapper,io.cucumber.testng.FeatureWrapper)[pri:0, instance:com.siddharthtest.runners.TestRunnerAllFeatureByTag@6f38a289]" started-at="2025-09-06T06:59:52 PDT" name="runScenario" description="Runs Cucumber Scenarios" data-provider="scenarios" finished-at="2025-09-06T07:00:38 PDT" duration-ms="45892" status="PASS">
          <params>
            <param index="0">
              <value>
                <![CDATA["Navigate to Performance page and verify title"]]>
              </value>
            </param>
            <param index="1">
              <value>
                <![CDATA["Performance Module"]]>
              </value>
            </param>
          </params>
          <reporter-output>
          </reporter-output>
        </test-method> <!-- runScenario -->
        <test-method signature="runScenario(io.cucumber.testng.PickleWrapper,io.cucumber.testng.FeatureWrapper)[pri:0, instance:com.siddharthtest.runners.TestRunnerAllFeatureByTag@6f38a289]" started-at="2025-09-06T07:00:38 PDT" name="runScenario" description="Runs Cucumber Scenarios" data-provider="scenarios" finished-at="2025-09-06T07:01:52 PDT" duration-ms="73638" status="PASS">
          <params>
            <param index="0">
              <value>
                <![CDATA["Navigate to Recruitment page and verify title"]]>
              </value>
            </param>
            <param index="1">
              <value>
                <![CDATA["Recruitment Module"]]>
              </value>
            </param>
          </params>
          <reporter-output>
          </reporter-output>
        </test-method> <!-- runScenario -->
        <test-method signature="runScenario(io.cucumber.testng.PickleWrapper,io.cucumber.testng.FeatureWrapper)[pri:0, instance:com.siddharthtest.runners.TestRunnerAllFeatureByTag@6f38a289]" started-at="2025-09-06T07:01:52 PDT" name="runScenario" description="Runs Cucumber Scenarios" data-provider="scenarios" finished-at="2025-09-06T07:02:37 PDT" duration-ms="45275" status="PASS">
          <params>
            <param index="0">
              <value>
                <![CDATA["The registry attempt of users without relevant inputs"]]>
              </value>
            </param>
            <param index="1">
              <value>
                <![CDATA["The registry attempt without entering inputs to the mandatory fields"]]>
              </value>
            </param>
          </params>
          <reporter-output>
          </reporter-output>
        </test-method> <!-- runScenario -->
        <test-method signature="runScenario(io.cucumber.testng.PickleWrapper,io.cucumber.testng.FeatureWrapper)[pri:0, instance:com.siddharthtest.runners.TestRunnerAllFeatureByTag@6f38a289]" started-at="2025-09-06T07:02:37 PDT" name="runScenario" description="Runs Cucumber Scenarios" data-provider="scenarios" finished-at="2025-09-06T07:03:44 PDT" duration-ms="67330" status="PASS">
          <params>
            <param index="0">
              <value>
                <![CDATA["Saving mandatory fields without filling them in"]]>
              </value>
            </param>
            <param index="1">
              <value>
                <![CDATA["Mandatory Fields Functionality"]]>
              </value>
            </param>
          </params>
          <reporter-output>
          </reporter-output>
        </test-method> <!-- runScenario -->
        <test-method signature="runScenario(io.cucumber.testng.PickleWrapper,io.cucumber.testng.FeatureWrapper)[pri:0, instance:com.siddharthtest.runners.TestRunnerAllFeatureByTag@6f38a289]" started-at="2025-09-06T07:03:44 PDT" name="runScenario" description="Runs Cucumber Scenarios" data-provider="scenarios" finished-at="2025-09-06T07:04:57 PDT" duration-ms="73085" status="PASS">
          <params>
            <param index="0">
              <value>
                <![CDATA["Invalid password login"]]>
              </value>
            </param>
            <param index="1">
              <value>
                <![CDATA["Verify Password functionality"]]>
              </value>
            </param>
          </params>
          <reporter-output>
          </reporter-output>
        </test-method> <!-- runScenario -->
        <test-method signature="runScenario(io.cucumber.testng.PickleWrapper,io.cucumber.testng.FeatureWrapper)[pri:0, instance:com.siddharthtest.runners.TestRunnerAllFeatureByTag@6f38a289]" started-at="2025-09-06T07:04:57 PDT" name="runScenario" description="Runs Cucumber Scenarios" data-provider="scenarios" finished-at="2025-09-06T07:05:38 PDT" duration-ms="40505" status="PASS">
          <params>
            <param index="0">
              <value>
                <![CDATA["As an Admin user I should be able to see notification messages displayed, when I enter a value in to the username field"]]>
              </value>
            </param>
            <param index="1">
              <value>
                <![CDATA["Login Functionality"]]>
              </value>
            </param>
          </params>
          <reporter-output>
          </reporter-output>
        </test-method> <!-- runScenario -->
        <test-method signature="runScenario(io.cucumber.testng.PickleWrapper,io.cucumber.testng.FeatureWrapper)[pri:0, instance:com.siddharthtest.runners.TestRunnerAllFeatureByTag@6f38a289]" started-at="2025-09-06T07:05:38 PDT" name="runScenario" description="Runs Cucumber Scenarios" data-provider="scenarios" finished-at="2025-09-06T07:06:27 PDT" duration-ms="48982" status="PASS">
          <params>
            <param index="0">
              <value>
                <![CDATA["Add User heading when an Admin is logining"]]>
              </value>
            </param>
            <param index="1">
              <value>
                <![CDATA["Testing Orange HRM"]]>
              </value>
            </param>
          </params>
          <reporter-output>
          </reporter-output>
        </test-method> <!-- runScenario -->
        <test-method signature="runScenario(io.cucumber.testng.PickleWrapper,io.cucumber.testng.FeatureWrapper)[pri:0, instance:com.siddharthtest.runners.TestRunnerAllFeatureByTag@6f38a289]" started-at="2025-09-06T07:06:27 PDT" name="runScenario" description="Runs Cucumber Scenarios" data-provider="scenarios" finished-at="2025-09-06T07:07:02 PDT" duration-ms="34927" status="PASS">
          <params>
            <param index="0">
              <value>
                <![CDATA["Password control and notification messages"]]>
              </value>
            </param>
            <param index="1">
              <value>
                <![CDATA["Password Functionality"]]>
              </value>
            </param>
          </params>
          <reporter-output>
          </reporter-output>
        </test-method> <!-- runScenario -->
        <test-method signature="runScenario(io.cucumber.testng.PickleWrapper,io.cucumber.testng.FeatureWrapper)[pri:0, instance:com.siddharthtest.runners.TestRunnerAllFeatureByTag@6f38a289]" started-at="2025-09-06T07:07:02 PDT" name="runScenario" description="Runs Cucumber Scenarios" data-provider="scenarios" finished-at="2025-09-06T07:07:36 PDT" duration-ms="34017" status="PASS">
          <params>
            <param index="0">
              <value>
                <![CDATA["Verify Invalid Username"]]>
              </value>
            </param>
            <param index="1">
              <value>
                <![CDATA["Testing OrangeHRM"]]>
              </value>
            </param>
          </params>
          <reporter-output>
          </reporter-output>
        </test-method> <!-- runScenario -->
        <test-method signature="runScenario(io.cucumber.testng.PickleWrapper,io.cucumber.testng.FeatureWrapper)[pri:0, instance:com.siddharthtest.runners.TestRunnerAllFeatureByTag@6f38a289]" started-at="2025-09-06T07:07:36 PDT" name="runScenario" description="Runs Cucumber Scenarios" data-provider="scenarios" finished-at="2025-09-06T07:07:58 PDT" duration-ms="22397" status="PASS">
          <params>
            <param index="0">
              <value>
                <![CDATA["Verifying password"]]>
              </value>
            </param>
            <param index="1">
              <value>
                <![CDATA["Testing Orange HRM"]]>
              </value>
            </param>
          </params>
          <reporter-output>
          </reporter-output>
        </test-method> <!-- runScenario -->
        <test-method signature="runScenario(io.cucumber.testng.PickleWrapper,io.cucumber.testng.FeatureWrapper)[pri:0, instance:com.siddharthtest.runners.TestRunnerAllFeatureByTag@6f38a289]" started-at="2025-09-06T07:07:58 PDT" name="runScenario" description="Runs Cucumber Scenarios" data-provider="scenarios" finished-at="2025-09-06T07:08:52 PDT" duration-ms="53331" status="PASS">
          <params>
            <param index="0">
              <value>
                <![CDATA["As an Admin user I should be able to see notification messages displayed, when I enter a value in to the Password field"]]>
              </value>
            </param>
            <param index="1">
              <value>
                <![CDATA["Login Functionality"]]>
              </value>
            </param>
          </params>
          <reporter-output>
          </reporter-output>
        </test-method> <!-- runScenario -->
        <test-method signature="runScenario(io.cucumber.testng.PickleWrapper,io.cucumber.testng.FeatureWrapper)[pri:0, instance:com.siddharthtest.runners.TestRunnerAllFeatureByTag@6f38a289]" started-at="2025-09-06T07:08:52 PDT" name="runScenario" description="Runs Cucumber Scenarios" data-provider="scenarios" finished-at="2025-09-06T07:09:36 PDT" duration-ms="44033" status="PASS">
          <params>
            <param index="0">
              <value>
                <![CDATA["The visibility of addButton to the admin user"]]>
              </value>
            </param>
            <param index="1">
              <value>
                <![CDATA["Verifying the presence of add button after clicking admin user management page"]]>
              </value>
            </param>
          </params>
          <reporter-output>
          </reporter-output>
        </test-method> <!-- runScenario -->
        <test-method is-config="true" signature="tearDownClass()[pri:0, instance:com.siddharthtest.runners.TestRunnerAllFeatureByTag@6f38a289]" started-at="2025-09-06T07:09:36 PDT" name="tearDownClass" finished-at="2025-09-06T07:09:41 PDT" duration-ms="5517" status="PASS">
          <reporter-output>
          </reporter-output>
        </test-method> <!-- tearDownClass -->
      </class> <!-- com.siddharthtest.runners.TestRunnerAllFeatureByTag -->
    </test> <!-- Test Runner All Feature By Tag -->
  </suite> <!-- Suite Cucumber -->
</testng-results>
